<?xml version="1.0" encoding="UTF-8"?>
<testsuite name="practical1.NumberToolsTest" tests="2" skipped="0" failures="0" errors="0" timestamp="2022-11-06T20:26:39" hostname="DESKTOP-R25OHCE" time="0.024">
  <properties/>
  <testcase name="testParse" classname="practical1.NumberToolsTest" time="0.007"/>
  <testcase name="testComputeStatistic" classname="practical1.NumberToolsTest" time="0.017"/>
  <system-out><![CDATA[]]></system-out>
  <system-err><![CDATA[]]></system-err>
</testsuite>
